<?xml version="1.0" encoding="UTF-8"?>
<testng-results ignored="0" total="4" passed="4" failed="0" skipped="0">
  <reporter-output>
  </reporter-output>
  <suite started-at="2019-06-26T15:09:02Z" name="Suite" finished-at="2019-06-26T15:09:31Z" duration-ms="29376">
    <groups>
    </groups>
    <test started-at="2019-06-26T15:09:02Z" name="Test" finished-at="2019-06-26T15:09:31Z" duration-ms="29376">
      <class name="practicePage.suggestionDropDownTest">
        <test-method signature="testAutoSuggestionDropDown()[pri:0, instance:practicePage.suggestionDropDownTest@6304101a]" started-at="2019-06-26T15:09:28Z" name="testAutoSuggestionDropDown" finished-at="2019-06-26T15:09:31Z" duration-ms="2966" status="PASS">
          <reporter-output>
          </reporter-output>
        </test-method> <!-- testAutoSuggestionDropDown -->
      </class> <!-- practicePage.suggestionDropDownTest -->
      <class name="practicePage.practicePage_Test001">
        <test-method signature="testEnterNameBox()[pri:0, instance:practicePage.practicePage_Test001@5170bcf4]" started-at="2019-06-26T15:09:19Z" name="testEnterNameBox" finished-at="2019-06-26T15:09:26Z" duration-ms="7036" status="PASS">
          <reporter-output>
          </reporter-output>
        </test-method> <!-- testEnterNameBox -->
      </class> <!-- practicePage.practicePage_Test001 -->
      <class name="practicePage.radioBtnTest">
        <test-method is-config="true" signature="initialize()[pri:0, instance:practicePage.radioBtnTest@35399441]" started-at="2019-06-26T15:09:02Z" name="initialize" finished-at="2019-06-26T15:09:09Z" duration-ms="6520" status="PASS">
          <reporter-output>
          </reporter-output>
        </test-method> <!-- initialize -->
        <test-method is-config="true" signature="initialize()[pri:0, instance:practicePage.selectDropdownTest@4b7dc788]" started-at="2019-06-26T15:09:09Z" name="initialize" finished-at="2019-06-26T15:09:14Z" duration-ms="5192" status="PASS">
          <reporter-output>
          </reporter-output>
        </test-method> <!-- initialize -->
        <test-method is-config="true" signature="initialize()[pri:0, instance:practicePage.suggestionDropDownTest@6304101a]" started-at="2019-06-26T15:09:14Z" name="initialize" finished-at="2019-06-26T15:09:19Z" duration-ms="4893" status="PASS">
          <reporter-output>
          </reporter-output>
        </test-method> <!-- initialize -->
        <test-method signature="testRadioBtn()[pri:0, instance:practicePage.radioBtnTest@35399441]" started-at="2019-06-26T15:09:26Z" name="testRadioBtn" finished-at="2019-06-26T15:09:27Z" duration-ms="1041" status="PASS">
          <reporter-output>
          </reporter-output>
        </test-method> <!-- testRadioBtn -->
        <test-method is-config="true" signature="teardown()[pri:0, instance:practicePage.radioBtnTest@35399441]" started-at="2019-06-26T15:09:31Z" name="teardown" finished-at="2019-06-26T15:09:31Z" duration-ms="181" status="PASS">
          <reporter-output>
          </reporter-output>
        </test-method> <!-- teardown -->
        <test-method is-config="true" signature="teardown()[pri:0, instance:practicePage.selectDropdownTest@4b7dc788]" started-at="2019-06-26T15:09:31Z" name="teardown" finished-at="2019-06-26T15:09:31Z" duration-ms="236" status="PASS">
          <reporter-output>
          </reporter-output>
        </test-method> <!-- teardown -->
        <test-method is-config="true" signature="teardown()[pri:0, instance:practicePage.suggestionDropDownTest@6304101a]" started-at="2019-06-26T15:09:31Z" name="teardown" finished-at="2019-06-26T15:09:31Z" duration-ms="217" status="PASS">
          <reporter-output>
          </reporter-output>
        </test-method> <!-- teardown -->
      </class> <!-- practicePage.radioBtnTest -->
      <class name="practicePage.selectDropdownTest">
        <test-method signature="testSelectDropDown()[pri:0, instance:practicePage.selectDropdownTest@4b7dc788]" started-at="2019-06-26T15:09:27Z" name="testSelectDropDown" finished-at="2019-06-26T15:09:28Z" duration-ms="1026" status="PASS">
          <reporter-output>
          </reporter-output>
        </test-method> <!-- testSelectDropDown -->
      </class> <!-- practicePage.selectDropdownTest -->
    </test> <!-- Test -->
  </suite> <!-- Suite -->
</testng-results>
