<?xml version="1.0" encoding="UTF-8"?>
<testng-results ignored="0" total="1" passed="1" failed="0" skipped="0">
  <reporter-output>
  </reporter-output>
  <suite started-at="2019-06-25T01:53:16Z" name="Default suite" finished-at="2019-06-25T01:53:26Z" duration-ms="10594">
    <groups>
    </groups>
    <test started-at="2019-06-25T01:53:16Z" name="Default test" finished-at="2019-06-25T01:53:26Z" duration-ms="10594">
      <class name="practicePage.mouseHoverBtnTest">
        <test-method is-config="true" signature="initialize()[pri:0, instance:practicePage.mouseHoverBtnTest@2421cc4]" started-at="2019-06-25T01:53:16Z" name="initialize" finished-at="2019-06-25T01:53:26Z" duration-ms="10508" status="PASS">
          <reporter-output>
          </reporter-output>
        </test-method> <!-- initialize -->
        <test-method signature="testAutoSuggestionDropDown()[pri:0, instance:practicePage.mouseHoverBtnTest@2421cc4]" started-at="2019-06-25T01:53:26Z" name="testAutoSuggestionDropDown" finished-at="2019-06-25T01:53:26Z" duration-ms="27" status="PASS">
          <reporter-output>
          </reporter-output>
        </test-method> <!-- testAutoSuggestionDropDown -->
        <test-method is-config="true" signature="teardown()[pri:0, instance:practicePage.mouseHoverBtnTest@2421cc4]" started-at="2019-06-25T01:53:26Z" name="teardown" finished-at="2019-06-25T01:53:26Z" duration-ms="1" status="PASS">
          <reporter-output>
          </reporter-output>
        </test-method> <!-- teardown -->
      </class> <!-- practicePage.mouseHoverBtnTest -->
    </test> <!-- Default test -->
  </suite> <!-- Default suite -->
</testng-results>
