<?xml version="1.0" encoding="UTF-8"?>
<!-- Generated by org.testng.reporters.JUnitXMLReporter -->
<testsuite ignored="0" hostname="DESKTOP-H8NRONJ" failures="0" tests="4" name="Test" time="29.376" errors="0" timestamp="26 Jun. 2019 15:09:32 GMT">
  <testcase classname="practicePage.practicePage_Test001" name="testEnterNameBox" time="7.036"/>
  <testcase classname="practicePage.radioBtnTest" name="testRadioBtn" time="1.041"/>
  <testcase classname="practicePage.selectDropdownTest" name="testSelectDropDown" time="1.026"/>
  <testcase classname="practicePage.suggestionDropDownTest" name="testAutoSuggestionDropDown" time="2.966"/>
</testsuite> <!-- Test -->
